<?xml version="1.0" encoding="UTF-8"?>
<testsuite xmlns:xsi="http://www.w3.org/2001/XMLSchema-instance" xsi:noNamespaceSchemaLocation="https://maven.apache.org/surefire/maven-surefire-plugin/xsd/surefire-test-report-3.0.xsd" version="3.0" name="com.mycompany.apppruebasunitarias.PruebasUnitariasTest" time="0.138" tests="10" errors="0" skipped="0" failures="0">
  <properties>
[...]
</properties>
  <testcase name="obtenerObjetoNoNulo_RetornaObjetoNoNull" classname="com.mycompany.apppruebasunitarias.PruebasUnitariasTest" time="0.051">
    <system-out><![CDATA[✅ Prueba obtenerObjetoNoNulo_RetornaObjetoNoNull ejecutada correctamente
]]></system-out>
  </testcase>
  <testcase name="obtenerObjeto_RetornaObjetoNoNull" classname="com.mycompany.apppruebasunitarias.PruebasUnitariasTest" time="0.003">
    <system-out><![CDATA[✅ Prueba obtenerObjeto_RetornaObjetoNoNull ejecutada correctamente
]]></system-out>
  </testcase>
  <testcase name="esPositivo_Cero_RetornaFalse" classname="com.mycompany.apppruebasunitarias.PruebasUnitariasTest" time="0.003">
    <system-out><![CDATA[✅ Prueba esPositivo_Cero_RetornaFalse ejecutada correctamente
]]></system-out>
  </testcase>
  <testcase name="esPositivo_NumeroNegativo_RetornaFalse" classname="com.mycompany.apppruebasunitarias.PruebasUnitariasTest" time="0.002">
    <system-out><![CDATA[✅ Prueba esPositivo_NumeroNegativo_RetornaFalse ejecutada correctamente
]]></system-out>
  </testcase>
  <testcase name="sumar_NumeroPositivoYNegativo_ResultadoCorrecto" classname="com.mycompany.apppruebasunitarias.PruebasUnitariasTest" time="0.004">
    <system-out><![CDATA[✅ Prueba sumar_NumeroPositivoYNegativo_ResultadoCorrecto ejecutada correctamente
]]></system-out>
  </testcase>
  <testcase name="sumar_DosNumerosPositivos_ResultadoCorrecto" classname="com.mycompany.apppruebasunitarias.PruebasUnitariasTest" time="0.002">
    <system-out><![CDATA[✅ Prueba sumar_DosNumerosPositivos_ResultadoCorrecto ejecutada correctamente
]]></system-out>
  </testcase>
  <testcase name="obtenerObjetoNoNulo_y_obtenerObjeto_SonDiferentes" classname="com.mycompany.apppruebasunitarias.PruebasUnitariasTest" time="0.002">
    <system-out><![CDATA[✅ Prueba obtenerObjetoNoNulo_y_obtenerObjeto_SonDiferentes ejecutada correctamente
]]></system-out>
  </testcase>
  <testcase name="concatenarTexto_DosCadenas_ResultadoEsperado" classname="com.mycompany.apppruebasunitarias.PruebasUnitariasTest" time="0.003">
    <system-out><![CDATA[✅ Prueba concatenarTexto_DosCadenas_ResultadoEsperado ejecutada correctamente
]]></system-out>
  </testcase>
  <testcase name="esPositivo_NumeroPositivo_RetornaTrue" classname="com.mycompany.apppruebasunitarias.PruebasUnitariasTest" time="0.003">
    <system-out><![CDATA[✅ Prueba esPositivo_NumeroPositivo_RetornaTrue ejecutada correctamente
]]></system-out>
  </testcase>
  <testcase name="obtenerObjetoNulo_RetornaNull" classname="com.mycompany.apppruebasunitarias.PruebasUnitariasTest" time="0.002">
    <system-out><![CDATA[✅ Prueba obtenerObjetoNulo_RetornaNull ejecutada correctamente
]]></system-out>
  </testcase>
</testsuite>